<?xml version="1.0" encoding="UTF-8"?>
<!-- Generated by org.testng.reporters.JUnitReportReporter -->
<testsuite hostname="MAMISWKSWX11" failures="0" tests="1" name="com.QERedfishRegression.app.AppTest" time="0.013" errors="0" timestamp="2021-03-26T09:55:43 GMT" skipped="0">
  <testcase classname="com.QERedfishRegression.app.AppTest" name="testApp" time="0.013"/>
</testsuite> <!-- com.QERedfishRegression.app.AppTest -->
