<?xml version="1.0" encoding="UTF-8"?>
<!-- Generated by org.testng.reporters.JUnitReportReporter -->
<testsuite skipped="0" hostname="LP000214" name="com.QERedfishRegression.app.AppTest" tests="1" failures="0" timestamp="2020-08-20T12:17:13 IST" time="0.013" errors="0">
  <testcase name="testApp" time="0.013" classname="com.QERedfishRegression.app.AppTest"/>
</testsuite> <!-- com.QERedfishRegression.app.AppTest -->
