<?xml version="1.0" encoding="UTF-8"?>
<!-- Generated by org.testng.reporters.JUnitReportReporter -->
<testsuite skipped="0" hostname="LP000214" name="com.QERedfishRegression.app.AppTest" tests="1" failures="0" timestamp="2020-08-07T15:51:00 IST" time="0.018" errors="0">
  <testcase name="testApp" time="0.018" classname="com.QERedfishRegression.app.AppTest"/>
</testsuite> <!-- com.QERedfishRegression.app.AppTest -->
