<?xml version="1.0" encoding="UTF-8"?>
<!-- Generated by org.testng.reporters.JUnitReportReporter -->
<testsuite hostname="MAMISWKSWX11" failures="0" tests="1" name="com.QERedfishRegression.app.AppTest" time="0.011" errors="0" timestamp="2021-04-09T14:21:50 BST" skipped="0">
  <testcase classname="com.QERedfishRegression.app.AppTest" name="testApp" time="0.011"/>
</testsuite> <!-- com.QERedfishRegression.app.AppTest -->
