<?xml version="1.0" encoding="UTF-8"?>
<!-- Generated by org.testng.reporters.JUnitReportReporter -->
<testsuite hostname="LP000214" failures="0" tests="1" name="com.QERedfishRegression.app.AppTest" time="0.009" errors="0" timestamp="2020-10-09T14:40:59 IST" skipped="0">
  <testcase classname="com.QERedfishRegression.app.AppTest" name="testApp" time="0.009"/>
</testsuite> <!-- com.QERedfishRegression.app.AppTest -->
