<?xml version="1.0" encoding="UTF-8"?>
<!-- Generated by org.testng.reporters.JUnitReportReporter -->
<testsuite hostname="LP000214" failures="0" tests="1" name="com.QERedfishRegression.app.AppTest" time="0.013" errors="0" timestamp="2020-09-29T18:12:05 IST" skipped="0">
  <testcase classname="com.QERedfishRegression.app.AppTest" name="testApp" time="0.013"/>
</testsuite> <!-- com.QERedfishRegression.app.AppTest -->
