<?xml version="1.0" encoding="UTF-8"?>
<!-- Generated by org.testng.reporters.JUnitReportReporter -->
<testsuite skipped="0" hostname="LP000214" name="com.QERedfishRegression.app.AppTest" tests="1" failures="0" timestamp="2020-09-14T18:40:29 IST" time="0.019" errors="0">
  <testcase name="testApp" time="0.019" classname="com.QERedfishRegression.app.AppTest"/>
</testsuite> <!-- com.QERedfishRegression.app.AppTest -->
