<?xml version="1.0" encoding="UTF-8"?>
<!-- Generated by org.testng.reporters.JUnitReportReporter -->
<testsuite hostname="MAMISWKSWX11" failures="0" tests="1" name="com.QERedfishRegression.app.AppTest" time="0.012" errors="0" timestamp="2020-09-28T12:16:06 BST" skipped="0">
  <testcase classname="com.QERedfishRegression.app.AppTest" name="testApp" time="0.012"/>
</testsuite> <!-- com.QERedfishRegression.app.AppTest -->
